{"C:\\Users\\Yayo\\FusionRomanos\\FusionRomanos\\romanos.js": {"path":"C:\\Users\\Yayo\\FusionRomanos\\FusionRomanos\\romanos.js","statementMap":{"0":{"start":{"line":2,"column":16},"end":{"line":2,"column":34}},"1":{"start":{"line":3,"column":12},"end":{"line":3,"column":21}},"2":{"start":{"line":4,"column":13},"end":{"line":4,"column":37}},"3":{"start":{"line":10,"column":2},"end":{"line":10,"column":55}},"4":{"start":{"line":10,"column":43},"end":{"line":10,"column":55}},"5":{"start":{"line":12,"column":14},"end":{"line":12,"column":58}},"6":{"start":{"line":13,"column":14},"end":{"line":13,"column":15}},"7":{"start":{"line":13,"column":24},"end":{"line":13,"column":25}},"8":{"start":{"line":15,"column":2},"end":{"line":15,"column":30}},"9":{"start":{"line":16,"column":2},"end":{"line":22,"column":3}},"10":{"start":{"line":16,"column":15},"end":{"line":16,"column":31}},"11":{"start":{"line":17,"column":16},"end":{"line":17,"column":29}},"12":{"start":{"line":18,"column":4},"end":{"line":18,"column":26}},"13":{"start":{"line":18,"column":14},"end":{"line":18,"column":26}},"14":{"start":{"line":19,"column":4},"end":{"line":20,"column":22}},"15":{"start":{"line":19,"column":20},"end":{"line":19,"column":33}},"16":{"start":{"line":20,"column":9},"end":{"line":20,"column":22}},"17":{"start":{"line":21,"column":4},"end":{"line":21,"column":15}},"18":{"start":{"line":23,"column":2},"end":{"line":23,"column":15}},"19":{"start":{"line":27,"column":2},"end":{"line":27,"column":69}},"20":{"start":{"line":27,"column":57},"end":{"line":27,"column":69}},"21":{"start":{"line":29,"column":14},"end":{"line":33,"column":3}},"22":{"start":{"line":35,"column":14},"end":{"line":35,"column":16}},"23":{"start":{"line":36,"column":2},"end":{"line":41,"column":3}},"24":{"start":{"line":37,"column":4},"end":{"line":40,"column":5}},"25":{"start":{"line":38,"column":6},"end":{"line":38,"column":22}},"26":{"start":{"line":39,"column":6},"end":{"line":39,"column":19}},"27":{"start":{"line":42,"column":2},"end":{"line":42,"column":15}},"28":{"start":{"line":48,"column":0},"end":{"line":48,"column":34}},"29":{"start":{"line":53,"column":0},"end":{"line":61,"column":3}},"30":{"start":{"line":54,"column":20},"end":{"line":54,"column":29}},"31":{"start":{"line":55,"column":2},"end":{"line":55,"column":78}},"32":{"start":{"line":55,"column":14},"end":{"line":55,"column":78}},"33":{"start":{"line":57,"column":17},"end":{"line":57,"column":37}},"34":{"start":{"line":58,"column":2},"end":{"line":58,"column":88}},"35":{"start":{"line":58,"column":23},"end":{"line":58,"column":88}},"36":{"start":{"line":60,"column":2},"end":{"line":60,"column":23}},"37":{"start":{"line":63,"column":0},"end":{"line":71,"column":3}},"38":{"start":{"line":64,"column":17},"end":{"line":64,"column":43}},"39":{"start":{"line":65,"column":2},"end":{"line":65,"column":90}},"40":{"start":{"line":65,"column":25},"end":{"line":65,"column":90}},"41":{"start":{"line":67,"column":16},"end":{"line":67,"column":37}},"42":{"start":{"line":68,"column":2},"end":{"line":68,"column":88}},"43":{"start":{"line":68,"column":22},"end":{"line":68,"column":88}},"44":{"start":{"line":70,"column":2},"end":{"line":70,"column":22}},"45":{"start":{"line":76,"column":0},"end":{"line":80,"column":1}},"46":{"start":{"line":77,"column":2},"end":{"line":79,"column":5}},"47":{"start":{"line":78,"column":4},"end":{"line":78,"column":66}},"48":{"start":{"line":83,"column":0},"end":{"line":83,"column":55}}},"fnMap":{"0":{"name":"romanToArabic","decl":{"start":{"line":9,"column":9},"end":{"line":9,"column":22}},"loc":{"start":{"line":9,"column":30},"end":{"line":24,"column":1}},"line":9},"1":{"name":"arabicToRoman","decl":{"start":{"line":26,"column":9},"end":{"line":26,"column":22}},"loc":{"start":{"line":26,"column":28},"end":{"line":43,"column":1}},"line":26},"2":{"name":"(anonymous_2)","decl":{"start":{"line":53,"column":16},"end":{"line":53,"column":17}},"loc":{"start":{"line":53,"column":30},"end":{"line":61,"column":1}},"line":53},"3":{"name":"(anonymous_3)","decl":{"start":{"line":63,"column":16},"end":{"line":63,"column":17}},"loc":{"start":{"line":63,"column":30},"end":{"line":71,"column":1}},"line":63},"4":{"name":"(anonymous_4)","decl":{"start":{"line":77,"column":19},"end":{"line":77,"column":20}},"loc":{"start":{"line":77,"column":25},"end":{"line":79,"column":3}},"line":77}},"branchMap":{"0":{"loc":{"start":{"line":4,"column":13},"end":{"line":4,"column":37}},"type":"binary-expr","locations":[{"start":{"line":4,"column":13},"end":{"line":4,"column":29}},{"start":{"line":4,"column":33},"end":{"line":4,"column":37}}],"line":4},"1":{"loc":{"start":{"line":10,"column":2},"end":{"line":10,"column":55}},"type":"if","locations":[{"start":{"line":10,"column":2},"end":{"line":10,"column":55}},{"start":{},"end":{}}],"line":10},"2":{"loc":{"start":{"line":10,"column":6},"end":{"line":10,"column":41}},"type":"binary-expr","locations":[{"start":{"line":10,"column":6},"end":{"line":10,"column":12}},{"start":{"line":10,"column":16},"end":{"line":10,"column":41}}],"line":10},"3":{"loc":{"start":{"line":18,"column":4},"end":{"line":18,"column":26}},"type":"if","locations":[{"start":{"line":18,"column":4},"end":{"line":18,"column":26}},{"start":{},"end":{}}],"line":18},"4":{"loc":{"start":{"line":19,"column":4},"end":{"line":20,"column":22}},"type":"if","locations":[{"start":{"line":19,"column":4},"end":{"line":20,"column":22}},{"start":{"line":20,"column":9},"end":{"line":20,"column":22}}],"line":19},"5":{"loc":{"start":{"line":27,"column":2},"end":{"line":27,"column":69}},"type":"if","locations":[{"start":{"line":27,"column":2},"end":{"line":27,"column":69}},{"start":{},"end":{}}],"line":27},"6":{"loc":{"start":{"line":27,"column":6},"end":{"line":27,"column":55}},"type":"binary-expr","locations":[{"start":{"line":27,"column":6},"end":{"line":27,"column":28}},{"start":{"line":27,"column":32},"end":{"line":27,"column":40}},{"start":{"line":27,"column":44},"end":{"line":27,"column":55}}],"line":27},"7":{"loc":{"start":{"line":55,"column":2},"end":{"line":55,"column":78}},"type":"if","locations":[{"start":{"line":55,"column":2},"end":{"line":55,"column":78}},{"start":{},"end":{}}],"line":55},"8":{"loc":{"start":{"line":58,"column":2},"end":{"line":58,"column":88}},"type":"if","locations":[{"start":{"line":58,"column":2},"end":{"line":58,"column":88}},{"start":{},"end":{}}],"line":58},"9":{"loc":{"start":{"line":65,"column":2},"end":{"line":65,"column":90}},"type":"if","locations":[{"start":{"line":65,"column":2},"end":{"line":65,"column":90}},{"start":{},"end":{}}],"line":65},"10":{"loc":{"start":{"line":68,"column":2},"end":{"line":68,"column":88}},"type":"if","locations":[{"start":{"line":68,"column":2},"end":{"line":68,"column":88}},{"start":{},"end":{}}],"line":68},"11":{"loc":{"start":{"line":76,"column":0},"end":{"line":80,"column":1}},"type":"if","locations":[{"start":{"line":76,"column":0},"end":{"line":80,"column":1}},{"start":{},"end":{}}],"line":76}},"s":{"0":1,"1":1,"2":1,"3":5,"4":0,"5":5,"6":5,"7":5,"8":5,"9":5,"10":5,"11":8,"12":8,"13":2,"14":6,"15":1,"16":5,"17":6,"18":3,"19":7,"20":4,"21":3,"22":3,"23":3,"24":39,"25":7,"26":7,"27":3,"28":1,"29":1,"30":3,"31":3,"32":1,"33":2,"34":2,"35":1,"36":1,"37":1,"38":3,"39":3,"40":1,"41":2,"42":2,"43":1,"44":1,"45":1,"46":0,"47":0,"48":1},"f":{"0":5,"1":7,"2":3,"3":3,"4":0},"b":{"0":[1,1],"1":[0,5],"2":[5,5],"3":[2,6],"4":[1,5],"5":[4,3],"6":[7,7,4],"7":[1,2],"8":[1,1],"9":[1,2],"10":[1,1],"11":[0,1]},"_coverageSchema":"1a1c01bbd47fc00a2c39e90264f33305004495a9","hash":"b45d68e9afc21cf44b393529da0a324e166a27f9"}
}
