TN:
SF:romanos.js
FN:9,romanToArabic
FN:26,arabicToRoman
FN:53,(anonymous_2)
FN:63,(anonymous_3)
FN:77,(anonymous_4)
FNF:5
FNH:4
FNDA:5,romanToArabic
FNDA:7,arabicToRoman
FNDA:3,(anonymous_2)
FNDA:3,(anonymous_3)
FNDA:0,(anonymous_4)
DA:2,1
DA:3,1
DA:4,1
DA:10,5
DA:12,5
DA:13,5
DA:15,5
DA:16,5
DA:17,8
DA:18,8
DA:19,6
DA:20,5
DA:21,6
DA:23,3
DA:27,7
DA:29,3
DA:35,3
DA:36,3
DA:37,39
DA:38,7
DA:39,7
DA:42,3
DA:48,1
DA:53,1
DA:54,3
DA:55,3
DA:57,2
DA:58,2
DA:60,1
DA:63,1
DA:64,3
DA:65,3
DA:67,2
DA:68,2
DA:70,1
DA:76,1
DA:77,0
DA:78,0
DA:83,1
LF:39
LH:37
BRDA:4,0,0,1
BRDA:4,0,1,1
BRDA:10,1,0,0
BRDA:10,1,1,5
BRDA:10,2,0,5
BRDA:10,2,1,5
BRDA:18,3,0,2
BRDA:18,3,1,6
BRDA:19,4,0,1
BRDA:19,4,1,5
BRDA:27,5,0,4
BRDA:27,5,1,3
BRDA:27,6,0,7
BRDA:27,6,1,7
BRDA:27,6,2,4
BRDA:55,7,0,1
BRDA:55,7,1,2
BRDA:58,8,0,1
BRDA:58,8,1,1
BRDA:65,9,0,1
BRDA:65,9,1,2
BRDA:68,10,0,1
BRDA:68,10,1,1
BRDA:76,11,0,0
BRDA:76,11,1,1
BRF:25
BRH:23
end_of_record
