<?xml version="1.0" encoding="UTF-8"?>
<coverage generated="1762485464098" clover="3.2.0">
  <project timestamp="1762485464098" name="All files">
    <metrics statements="71" coveredstatements="69" conditionals="57" coveredconditionals="55" methods="7" coveredmethods="5" elements="135" coveredelements="129" complexity="0" loc="71" ncloc="71" packages="1" files="2" classes="2"/>
    <file name="converter.js" path="C:\Users\Yayo\gf\numeros-romanos-IG4141\api\converter.js">
      <metrics statements="32" coveredstatements="32" conditionals="31" coveredconditionals="30" methods="2" coveredmethods="2"/>
      <line num="2" count="20" type="cond" truecount="4" falsecount="0"/>
      <line num="3" count="14" type="stmt"/>
      <line num="18" count="14" type="stmt"/>
      <line num="19" count="14" type="stmt"/>
      <line num="20" count="182" type="stmt"/>
      <line num="21" count="31" type="stmt"/>
      <line num="22" count="31" type="stmt"/>
      <line num="25" count="14" type="stmt"/>
      <line num="29" count="19" type="cond" truecount="4" falsecount="0"/>
      <line num="30" count="18" type="stmt"/>
      <line num="31" count="18" type="stmt"/>
      <line num="32" count="18" type="stmt"/>
      <line num="33" count="18" type="stmt"/>
      <line num="34" count="18" type="stmt"/>
      <line num="35" count="18" type="stmt"/>
      <line num="37" count="18" type="stmt"/>
      <line num="38" count="62" type="stmt"/>
      <line num="39" count="62" type="cond" truecount="2" falsecount="0"/>
      <line num="41" count="60" type="cond" truecount="2" falsecount="0"/>
      <line num="42" count="11" type="stmt"/>
      <line num="43" count="11" type="cond" truecount="5" falsecount="1"/>
      <line num="45" count="2" type="stmt"/>
      <line num="48" count="49" type="stmt"/>
      <line num="49" count="49" type="stmt"/>
      <line num="52" count="58" type="cond" truecount="2" falsecount="0"/>
      <line num="53" count="18" type="cond" truecount="11" falsecount="0"/>
      <line num="56" count="5" type="stmt"/>
      <line num="58" count="13" type="stmt"/>
      <line num="60" count="40" type="stmt"/>
      <line num="62" count="53" type="stmt"/>
      <line num="64" count="9" type="stmt"/>
      <line num="67" count="1" type="stmt"/>
    </file>
    <file name="index.js" path="C:\Users\Yayo\gf\numeros-romanos-IG4141\api\index.js">
      <metrics statements="39" coveredstatements="37" conditionals="26" coveredconditionals="25" methods="5" coveredmethods="3"/>
      <line num="1" count="1" type="stmt"/>
      <line num="2" count="1" type="stmt"/>
      <line num="3" count="1" type="stmt"/>
      <line num="4" count="1" type="stmt"/>
      <line num="6" count="1" type="stmt"/>
      <line num="7" count="1" type="stmt"/>
      <line num="8" count="1" type="stmt"/>
      <line num="9" count="1" type="stmt"/>
      <line num="11" count="1" type="stmt"/>
      <line num="12" count="6" type="stmt"/>
      <line num="13" count="6" type="cond" truecount="2" falsecount="0"/>
      <line num="15" count="5" type="stmt"/>
      <line num="16" count="5" type="cond" truecount="4" falsecount="0"/>
      <line num="17" count="3" type="stmt"/>
      <line num="18" count="3" type="stmt"/>
      <line num="19" count="3" type="cond" truecount="2" falsecount="0"/>
      <line num="21" count="2" type="stmt"/>
      <line num="22" count="2" type="cond" truecount="4" falsecount="0"/>
      <line num="23" count="1" type="stmt"/>
      <line num="24" count="1" type="stmt"/>
      <line num="26" count="2" type="stmt"/>
      <line num="29" count="1" type="stmt"/>
      <line num="30" count="3" type="stmt"/>
      <line num="31" count="3" type="cond" truecount="2" falsecount="0"/>
      <line num="32" count="2" type="stmt"/>
      <line num="33" count="2" type="cond" truecount="2" falsecount="0"/>
      <line num="34" count="1" type="stmt"/>
      <line num="37" count="1" type="stmt"/>
      <line num="38" count="3" type="stmt"/>
      <line num="39" count="3" type="cond" truecount="2" falsecount="0"/>
      <line num="40" count="2" type="stmt"/>
      <line num="41" count="2" type="cond" truecount="4" falsecount="0"/>
      <line num="42" count="1" type="stmt"/>
      <line num="45" count="1" type="stmt"/>
      <line num="46" count="0" type="stmt"/>
      <line num="49" count="1" type="cond" truecount="2" falsecount="0"/>
      <line num="50" count="1" type="cond" truecount="1" falsecount="1"/>
      <line num="51" count="0" type="stmt"/>
      <line num="54" count="1" type="stmt"/>
    </file>
  </project>
</coverage>
