<?xml version="1.0" encoding="UTF-8"?>
<coverage generated="1761879333780" clover="3.2.0">
  <project timestamp="1761879333780" name="All files">
    <metrics statements="20" coveredstatements="20" conditionals="13" coveredconditionals="13" methods="2" coveredmethods="2" elements="35" coveredelements="35" complexity="0" loc="20" ncloc="20" packages="1" files="1" classes="1"/>
    <file name="romanos.js" path="C:\Users\Yayo\FusionRomanos\romanos.js">
      <metrics statements="20" coveredstatements="20" conditionals="13" coveredconditionals="13" methods="2" coveredmethods="2"/>
      <line num="2" count="5" type="cond" truecount="4" falsecount="0"/>
      <line num="4" count="3" type="stmt"/>
      <line num="5" count="3" type="stmt"/>
      <line num="6" count="3" type="stmt"/>
      <line num="8" count="3" type="stmt"/>
      <line num="9" count="5" type="stmt"/>
      <line num="10" count="5" type="cond" truecount="2" falsecount="0"/>
      <line num="11" count="4" type="cond" truecount="2" falsecount="0"/>
      <line num="12" count="3" type="stmt"/>
      <line num="13" count="4" type="stmt"/>
      <line num="16" count="2" type="stmt"/>
      <line num="20" count="7" type="cond" truecount="5" falsecount="0"/>
      <line num="22" count="2" type="stmt"/>
      <line num="28" count="2" type="stmt"/>
      <line num="29" count="2" type="stmt"/>
      <line num="30" count="26" type="stmt"/>
      <line num="31" count="6" type="stmt"/>
      <line num="32" count="6" type="stmt"/>
      <line num="35" count="2" type="stmt"/>
      <line num="38" count="1" type="stmt"/>
    </file>
  </project>
</coverage>
