{"C:\\Users\\Yayo\\gf\\numeros-romanos-IG4141\\api\\converter.js": {"path":"C:\\Users\\Yayo\\gf\\numeros-romanos-IG4141\\api\\converter.js","statementMap":{"0":{"start":{"line":2,"column":2},"end":{"line":2,"column":40}},"1":{"start":{"line":2,"column":29},"end":{"line":2,"column":40}},"2":{"start":{"line":3,"column":14},"end":{"line":17,"column":3}},"3":{"start":{"line":18,"column":15},"end":{"line":18,"column":17}},"4":{"start":{"line":19,"column":2},"end":{"line":24,"column":3}},"5":{"start":{"line":20,"column":4},"end":{"line":23,"column":5}},"6":{"start":{"line":21,"column":6},"end":{"line":21,"column":21}},"7":{"start":{"line":22,"column":6},"end":{"line":22,"column":18}},"8":{"start":{"line":25,"column":2},"end":{"line":25,"column":15}},"9":{"start":{"line":29,"column":2},"end":{"line":29,"column":93}},"10":{"start":{"line":29,"column":56},"end":{"line":29,"column":93}},"11":{"start":{"line":30,"column":14},"end":{"line":30,"column":67}},"12":{"start":{"line":31,"column":16},"end":{"line":31,"column":35}},"13":{"start":{"line":32,"column":14},"end":{"line":32,"column":15}},"14":{"start":{"line":33,"column":13},"end":{"line":33,"column":14}},"15":{"start":{"line":34,"column":20},"end":{"line":34,"column":21}},"16":{"start":{"line":35,"column":17},"end":{"line":35,"column":19}},"17":{"start":{"line":37,"column":2},"end":{"line":63,"column":3}},"18":{"start":{"line":37,"column":15},"end":{"line":37,"column":31}},"19":{"start":{"line":38,"column":17},"end":{"line":38,"column":30}},"20":{"start":{"line":39,"column":4},"end":{"line":39,"column":66}},"21":{"start":{"line":39,"column":15},"end":{"line":39,"column":66}},"22":{"start":{"line":41,"column":4},"end":{"line":50,"column":5}},"23":{"start":{"line":42,"column":6},"end":{"line":42,"column":19}},"24":{"start":{"line":43,"column":6},"end":{"line":46,"column":7}},"25":{"start":{"line":45,"column":8},"end":{"line":45,"column":62}},"26":{"start":{"line":48,"column":6},"end":{"line":48,"column":21}},"27":{"start":{"line":49,"column":6},"end":{"line":49,"column":25}},"28":{"start":{"line":52,"column":4},"end":{"line":61,"column":5}},"29":{"start":{"line":53,"column":6},"end":{"line":57,"column":7}},"30":{"start":{"line":56,"column":8},"end":{"line":56,"column":63}},"31":{"start":{"line":58,"column":6},"end":{"line":58,"column":19}},"32":{"start":{"line":60,"column":6},"end":{"line":60,"column":19}},"33":{"start":{"line":62,"column":4},"end":{"line":62,"column":15}},"34":{"start":{"line":64,"column":2},"end":{"line":64,"column":14}},"35":{"start":{"line":67,"column":0},"end":{"line":67,"column":38}}},"fnMap":{"0":{"name":"toRoman","decl":{"start":{"line":1,"column":9},"end":{"line":1,"column":16}},"loc":{"start":{"line":1,"column":22},"end":{"line":26,"column":1}},"line":1},"1":{"name":"toArabic","decl":{"start":{"line":28,"column":9},"end":{"line":28,"column":17}},"loc":{"start":{"line":28,"column":25},"end":{"line":65,"column":1}},"line":28}},"branchMap":{"0":{"loc":{"start":{"line":2,"column":2},"end":{"line":2,"column":40}},"type":"if","locations":[{"start":{"line":2,"column":2},"end":{"line":2,"column":40}},{"start":{},"end":{}}],"line":2},"1":{"loc":{"start":{"line":2,"column":6},"end":{"line":2,"column":27}},"type":"binary-expr","locations":[{"start":{"line":2,"column":6},"end":{"line":2,"column":13}},{"start":{"line":2,"column":17},"end":{"line":2,"column":27}}],"line":2},"2":{"loc":{"start":{"line":29,"column":2},"end":{"line":29,"column":93}},"type":"if","locations":[{"start":{"line":29,"column":2},"end":{"line":29,"column":93}},{"start":{},"end":{}}],"line":29},"3":{"loc":{"start":{"line":29,"column":6},"end":{"line":29,"column":54}},"type":"binary-expr","locations":[{"start":{"line":29,"column":6},"end":{"line":29,"column":31}},{"start":{"line":29,"column":35},"end":{"line":29,"column":54}}],"line":29},"4":{"loc":{"start":{"line":39,"column":4},"end":{"line":39,"column":66}},"type":"if","locations":[{"start":{"line":39,"column":4},"end":{"line":39,"column":66}},{"start":{},"end":{}}],"line":39},"5":{"loc":{"start":{"line":41,"column":4},"end":{"line":50,"column":5}},"type":"if","locations":[{"start":{"line":41,"column":4},"end":{"line":50,"column":5}},{"start":{"line":47,"column":11},"end":{"line":50,"column":5}}],"line":41},"6":{"loc":{"start":{"line":43,"column":6},"end":{"line":46,"column":7}},"type":"if","locations":[{"start":{"line":43,"column":6},"end":{"line":46,"column":7}},{"start":{},"end":{}}],"line":43},"7":{"loc":{"start":{"line":43,"column":10},"end":{"line":44,"column":70}},"type":"binary-expr","locations":[{"start":{"line":43,"column":11},"end":{"line":43,"column":45}},{"start":{"line":43,"column":49},"end":{"line":43,"column":64}},{"start":{"line":44,"column":11},"end":{"line":44,"column":50}},{"start":{"line":44,"column":54},"end":{"line":44,"column":69}}],"line":43},"8":{"loc":{"start":{"line":52,"column":4},"end":{"line":61,"column":5}},"type":"if","locations":[{"start":{"line":52,"column":4},"end":{"line":61,"column":5}},{"start":{"line":59,"column":11},"end":{"line":61,"column":5}}],"line":52},"9":{"loc":{"start":{"line":53,"column":6},"end":{"line":57,"column":7}},"type":"if","locations":[{"start":{"line":53,"column":6},"end":{"line":57,"column":7}},{"start":{},"end":{}}],"line":53},"10":{"loc":{"start":{"line":53,"column":12},"end":{"line":55,"column":61}},"type":"binary-expr","locations":[{"start":{"line":53,"column":13},"end":{"line":53,"column":23}},{"start":{"line":53,"column":28},"end":{"line":53,"column":38}},{"start":{"line":53,"column":42},"end":{"line":53,"column":53}},{"start":{"line":54,"column":13},"end":{"line":54,"column":24}},{"start":{"line":54,"column":29},"end":{"line":54,"column":40}},{"start":{"line":54,"column":44},"end":{"line":54,"column":56}},{"start":{"line":55,"column":13},"end":{"line":55,"column":25}},{"start":{"line":55,"column":30},"end":{"line":55,"column":42}},{"start":{"line":55,"column":46},"end":{"line":55,"column":59}}],"line":53}},"s":{"0":13,"1":2,"2":11,"3":11,"4":11,"5":143,"6":23,"7":23,"8":11,"9":11,"10":1,"11":10,"12":10,"13":10,"14":10,"15":10,"16":10,"17":10,"18":10,"19":39,"20":39,"21":0,"22":39,"23":6,"24":6,"25":1,"26":33,"27":33,"28":38,"29":11,"30":1,"31":10,"32":27,"33":37,"34":8,"35":1},"f":{"0":13,"1":11},"b":{"0":[2,11],"1":[13,12],"2":[1,10],"3":[11,11],"4":[0,39],"5":[6,33],"6":[1,5],"7":[6,0,6,6],"8":[11,27],"9":[1,10],"10":[11,4,1,8,4,3,4,3,3]},"_coverageSchema":"1a1c01bbd47fc00a2c39e90264f33305004495a9","hash":"ab6022107666f95319d67008ec55ead361c9e3b2"}
,"C:\\Users\\Yayo\\gf\\numeros-romanos-IG4141\\api\\index.js": {"path":"C:\\Users\\Yayo\\gf\\numeros-romanos-IG4141\\api\\index.js","statementMap":{"0":{"start":{"line":1,"column":16},"end":{"line":1,"column":34}},"1":{"start":{"line":2,"column":13},"end":{"line":2,"column":28}},"2":{"start":{"line":3,"column":13},"end":{"line":3,"column":28}},"3":{"start":{"line":4,"column":30},"end":{"line":4,"column":52}},"4":{"start":{"line":6,"column":12},"end":{"line":6,"column":21}},"5":{"start":{"line":7,"column":0},"end":{"line":7,"column":15}},"6":{"start":{"line":8,"column":0},"end":{"line":8,"column":23}},"7":{"start":{"line":9,"column":0},"end":{"line":9,"column":58}},"8":{"start":{"line":11,"column":0},"end":{"line":27,"column":2}},"9":{"start":{"line":12,"column":20},"end":{"line":12,"column":28}},"10":{"start":{"line":13,"column":2},"end":{"line":13,"column":83}},"11":{"start":{"line":13,"column":14},"end":{"line":13,"column":83}},"12":{"start":{"line":15,"column":22},"end":{"line":15,"column":41}},"13":{"start":{"line":16,"column":2},"end":{"line":25,"column":3}},"14":{"start":{"line":17,"column":4},"end":{"line":17,"column":33}},"15":{"start":{"line":18,"column":4},"end":{"line":18,"column":29}},"16":{"start":{"line":19,"column":4},"end":{"line":19,"column":90}},"17":{"start":{"line":19,"column":17},"end":{"line":19,"column":90}},"18":{"start":{"line":21,"column":25},"end":{"line":21,"column":40}},"19":{"start":{"line":22,"column":4},"end":{"line":22,"column":102}},"20":{"start":{"line":22,"column":44},"end":{"line":22,"column":102}},"21":{"start":{"line":23,"column":4},"end":{"line":23,"column":25}},"22":{"start":{"line":24,"column":4},"end":{"line":24,"column":29}},"23":{"start":{"line":26,"column":2},"end":{"line":26,"column":62}},"24":{"start":{"line":29,"column":0},"end":{"line":35,"column":2}},"25":{"start":{"line":30,"column":14},"end":{"line":30,"column":44}},"26":{"start":{"line":31,"column":2},"end":{"line":31,"column":87}},"27":{"start":{"line":31,"column":18},"end":{"line":31,"column":87}},"28":{"start":{"line":32,"column":16},"end":{"line":32,"column":28}},"29":{"start":{"line":33,"column":2},"end":{"line":33,"column":87}},"30":{"start":{"line":33,"column":14},"end":{"line":33,"column":87}},"31":{"start":{"line":34,"column":2},"end":{"line":34,"column":21}},"32":{"start":{"line":37,"column":0},"end":{"line":43,"column":2}},"33":{"start":{"line":38,"column":16},"end":{"line":38,"column":31}},"34":{"start":{"line":39,"column":2},"end":{"line":39,"column":82}},"35":{"start":{"line":39,"column":14},"end":{"line":39,"column":82}},"36":{"start":{"line":40,"column":23},"end":{"line":40,"column":38}},"37":{"start":{"line":41,"column":2},"end":{"line":41,"column":100}},"38":{"start":{"line":41,"column":42},"end":{"line":41,"column":100}},"39":{"start":{"line":42,"column":2},"end":{"line":42,"column":36}},"40":{"start":{"line":45,"column":0},"end":{"line":47,"column":2}},"41":{"start":{"line":46,"column":2},"end":{"line":46,"column":60}},"42":{"start":{"line":49,"column":13},"end":{"line":49,"column":37}},"43":{"start":{"line":50,"column":0},"end":{"line":52,"column":1}},"44":{"start":{"line":51,"column":2},"end":{"line":51,"column":91}},"45":{"start":{"line":51,"column":25},"end":{"line":51,"column":90}},"46":{"start":{"line":54,"column":0},"end":{"line":54,"column":20}}},"fnMap":{"0":{"name":"(anonymous_0)","decl":{"start":{"line":11,"column":25},"end":{"line":11,"column":26}},"loc":{"start":{"line":11,"column":39},"end":{"line":27,"column":1}},"line":11},"1":{"name":"(anonymous_1)","decl":{"start":{"line":29,"column":16},"end":{"line":29,"column":17}},"loc":{"start":{"line":29,"column":30},"end":{"line":35,"column":1}},"line":29},"2":{"name":"(anonymous_2)","decl":{"start":{"line":37,"column":16},"end":{"line":37,"column":17}},"loc":{"start":{"line":37,"column":30},"end":{"line":43,"column":1}},"line":37},"3":{"name":"(anonymous_3)","decl":{"start":{"line":45,"column":13},"end":{"line":45,"column":14}},"loc":{"start":{"line":45,"column":27},"end":{"line":47,"column":1}},"line":45},"4":{"name":"(anonymous_4)","decl":{"start":{"line":51,"column":19},"end":{"line":51,"column":20}},"loc":{"start":{"line":51,"column":25},"end":{"line":51,"column":90}},"line":51}},"branchMap":{"0":{"loc":{"start":{"line":13,"column":2},"end":{"line":13,"column":83}},"type":"if","locations":[{"start":{"line":13,"column":2},"end":{"line":13,"column":83}},{"start":{},"end":{}}],"line":13},"1":{"loc":{"start":{"line":16,"column":2},"end":{"line":25,"column":3}},"type":"if","locations":[{"start":{"line":16,"column":2},"end":{"line":25,"column":3}},{"start":{"line":20,"column":9},"end":{"line":25,"column":3}}],"line":16},"2":{"loc":{"start":{"line":16,"column":6},"end":{"line":16,"column":66}},"type":"binary-expr","locations":[{"start":{"line":16,"column":6},"end":{"line":16,"column":25}},{"start":{"line":16,"column":29},"end":{"line":16,"column":66}}],"line":16},"3":{"loc":{"start":{"line":19,"column":4},"end":{"line":19,"column":90}},"type":"if","locations":[{"start":{"line":19,"column":4},"end":{"line":19,"column":90}},{"start":{},"end":{}}],"line":19},"4":{"loc":{"start":{"line":22,"column":4},"end":{"line":22,"column":102}},"type":"if","locations":[{"start":{"line":22,"column":4},"end":{"line":22,"column":102}},{"start":{},"end":{}}],"line":22},"5":{"loc":{"start":{"line":22,"column":8},"end":{"line":22,"column":42}},"type":"binary-expr","locations":[{"start":{"line":22,"column":8},"end":{"line":22,"column":20}},{"start":{"line":22,"column":24},"end":{"line":22,"column":42}}],"line":22},"6":{"loc":{"start":{"line":31,"column":2},"end":{"line":31,"column":87}},"type":"if","locations":[{"start":{"line":31,"column":2},"end":{"line":31,"column":87}},{"start":{},"end":{}}],"line":31},"7":{"loc":{"start":{"line":33,"column":2},"end":{"line":33,"column":87}},"type":"if","locations":[{"start":{"line":33,"column":2},"end":{"line":33,"column":87}},{"start":{},"end":{}}],"line":33},"8":{"loc":{"start":{"line":39,"column":2},"end":{"line":39,"column":82}},"type":"if","locations":[{"start":{"line":39,"column":2},"end":{"line":39,"column":82}},{"start":{},"end":{}}],"line":39},"9":{"loc":{"start":{"line":41,"column":2},"end":{"line":41,"column":100}},"type":"if","locations":[{"start":{"line":41,"column":2},"end":{"line":41,"column":100}},{"start":{},"end":{}}],"line":41},"10":{"loc":{"start":{"line":41,"column":6},"end":{"line":41,"column":40}},"type":"binary-expr","locations":[{"start":{"line":41,"column":6},"end":{"line":41,"column":18}},{"start":{"line":41,"column":22},"end":{"line":41,"column":40}}],"line":41},"11":{"loc":{"start":{"line":49,"column":13},"end":{"line":49,"column":37}},"type":"binary-expr","locations":[{"start":{"line":49,"column":13},"end":{"line":49,"column":29}},{"start":{"line":49,"column":33},"end":{"line":49,"column":37}}],"line":49},"12":{"loc":{"start":{"line":50,"column":0},"end":{"line":52,"column":1}},"type":"if","locations":[{"start":{"line":50,"column":0},"end":{"line":52,"column":1}},{"start":{},"end":{}}],"line":50}},"s":{"0":1,"1":1,"2":1,"3":1,"4":1,"5":1,"6":1,"7":1,"8":1,"9":3,"10":3,"11":1,"12":2,"13":2,"14":1,"15":1,"16":1,"17":0,"18":1,"19":1,"20":0,"21":1,"22":1,"23":2,"24":1,"25":2,"26":2,"27":1,"28":1,"29":1,"30":0,"31":1,"32":1,"33":2,"34":2,"35":1,"36":1,"37":1,"38":0,"39":1,"40":1,"41":0,"42":1,"43":1,"44":0,"45":0,"46":1},"f":{"0":3,"1":2,"2":2,"3":0,"4":0},"b":{"0":[1,2],"1":[1,1],"2":[2,1],"3":[0,1],"4":[0,1],"5":[1,1],"6":[1,1],"7":[0,1],"8":[1,1],"9":[0,1],"10":[1,1],"11":[1,1],"12":[0,1]},"_coverageSchema":"1a1c01bbd47fc00a2c39e90264f33305004495a9","hash":"801acf1b3e8904c45e723b2c8d55790bcb0a7549"}
}
