{"C:\\Users\\Yayo\\repo romano 3\\numeros-romanos-IG4141\\api\\converter.js": {"path":"C:\\Users\\Yayo\\repo romano 3\\numeros-romanos-IG4141\\api\\converter.js","statementMap":{"0":{"start":{"line":7,"column":2},"end":{"line":9,"column":3}},"1":{"start":{"line":8,"column":4},"end":{"line":8,"column":16}},"2":{"start":{"line":11,"column":24},"end":{"line":25,"column":3}},"3":{"start":{"line":27,"column":15},"end":{"line":27,"column":17}},"4":{"start":{"line":28,"column":2},"end":{"line":33,"column":3}},"5":{"start":{"line":29,"column":4},"end":{"line":32,"column":5}},"6":{"start":{"line":30,"column":6},"end":{"line":30,"column":24}},"7":{"start":{"line":31,"column":6},"end":{"line":31,"column":19}},"8":{"start":{"line":35,"column":2},"end":{"line":35,"column":16}},"9":{"start":{"line":42,"column":2},"end":{"line":44,"column":3}},"10":{"start":{"line":43,"column":4},"end":{"line":43,"column":54}},"11":{"start":{"line":46,"column":2},"end":{"line":46,"column":37}},"12":{"start":{"line":48,"column":22},"end":{"line":48,"column":68}},"13":{"start":{"line":49,"column":29},"end":{"line":49,"column":70}},"14":{"start":{"line":51,"column":15},"end":{"line":51,"column":16}},"15":{"start":{"line":52,"column":18},"end":{"line":52,"column":19}},"16":{"start":{"line":53,"column":17},"end":{"line":53,"column":21}},"17":{"start":{"line":54,"column":20},"end":{"line":54,"column":21}},"18":{"start":{"line":56,"column":2},"end":{"line":82,"column":3}},"19":{"start":{"line":56,"column":15},"end":{"line":56,"column":16}},"20":{"start":{"line":57,"column":17},"end":{"line":57,"column":25}},"21":{"start":{"line":58,"column":18},"end":{"line":58,"column":35}},"22":{"start":{"line":60,"column":4},"end":{"line":60,"column":64}},"23":{"start":{"line":60,"column":16},"end":{"line":60,"column":64}},"24":{"start":{"line":63,"column":4},"end":{"line":69,"column":5}},"25":{"start":{"line":64,"column":6},"end":{"line":64,"column":20}},"26":{"start":{"line":65,"column":6},"end":{"line":65,"column":97}},"27":{"start":{"line":65,"column":40},"end":{"line":65,"column":97}},"28":{"start":{"line":66,"column":6},"end":{"line":66,"column":102}},"29":{"start":{"line":66,"column":27},"end":{"line":66,"column":102}},"30":{"start":{"line":68,"column":6},"end":{"line":68,"column":22}},"31":{"start":{"line":72,"column":4},"end":{"line":77,"column":5}},"32":{"start":{"line":73,"column":6},"end":{"line":75,"column":7}},"33":{"start":{"line":74,"column":8},"end":{"line":74,"column":71}},"34":{"start":{"line":76,"column":6},"end":{"line":76,"column":30}},"35":{"start":{"line":79,"column":4},"end":{"line":79,"column":20}},"36":{"start":{"line":80,"column":4},"end":{"line":80,"column":22}},"37":{"start":{"line":81,"column":4},"end":{"line":81,"column":20}},"38":{"start":{"line":84,"column":2},"end":{"line":84,"column":86}},"39":{"start":{"line":84,"column":35},"end":{"line":84,"column":86}},"40":{"start":{"line":85,"column":2},"end":{"line":85,"column":16}},"41":{"start":{"line":89,"column":0},"end":{"line":89,"column":39}}},"fnMap":{"0":{"name":"toRoman","decl":{"start":{"line":6,"column":9},"end":{"line":6,"column":16}},"loc":{"start":{"line":6,"column":22},"end":{"line":36,"column":1}},"line":6},"1":{"name":"toArabic","decl":{"start":{"line":41,"column":9},"end":{"line":41,"column":17}},"loc":{"start":{"line":41,"column":25},"end":{"line":86,"column":1}},"line":41}},"branchMap":{"0":{"loc":{"start":{"line":7,"column":2},"end":{"line":9,"column":3}},"type":"if","locations":[{"start":{"line":7,"column":2},"end":{"line":9,"column":3}},{"start":{},"end":{}}],"line":7},"1":{"loc":{"start":{"line":7,"column":6},"end":{"line":7,"column":80}},"type":"binary-expr","locations":[{"start":{"line":7,"column":6},"end":{"line":7,"column":29}},{"start":{"line":7,"column":33},"end":{"line":7,"column":55}},{"start":{"line":7,"column":59},"end":{"line":7,"column":66}},{"start":{"line":7,"column":70},"end":{"line":7,"column":80}}],"line":7},"2":{"loc":{"start":{"line":42,"column":2},"end":{"line":44,"column":3}},"type":"if","locations":[{"start":{"line":42,"column":2},"end":{"line":44,"column":3}},{"start":{},"end":{}}],"line":42},"3":{"loc":{"start":{"line":42,"column":6},"end":{"line":42,"column":54}},"type":"binary-expr","locations":[{"start":{"line":42,"column":6},"end":{"line":42,"column":31}},{"start":{"line":42,"column":35},"end":{"line":42,"column":54}}],"line":42},"4":{"loc":{"start":{"line":60,"column":4},"end":{"line":60,"column":64}},"type":"if","locations":[{"start":{"line":60,"column":4},"end":{"line":60,"column":64}},{"start":{},"end":{}}],"line":60},"5":{"loc":{"start":{"line":63,"column":4},"end":{"line":69,"column":5}},"type":"if","locations":[{"start":{"line":63,"column":4},"end":{"line":69,"column":5}},{"start":{"line":67,"column":11},"end":{"line":69,"column":5}}],"line":63},"6":{"loc":{"start":{"line":65,"column":6},"end":{"line":65,"column":97}},"type":"if","locations":[{"start":{"line":65,"column":6},"end":{"line":65,"column":97}},{"start":{},"end":{}}],"line":65},"7":{"loc":{"start":{"line":66,"column":6},"end":{"line":66,"column":102}},"type":"if","locations":[{"start":{"line":66,"column":6},"end":{"line":66,"column":102}},{"start":{},"end":{}}],"line":66},"8":{"loc":{"start":{"line":72,"column":4},"end":{"line":77,"column":5}},"type":"if","locations":[{"start":{"line":72,"column":4},"end":{"line":77,"column":5}},{"start":{},"end":{}}],"line":72},"9":{"loc":{"start":{"line":72,"column":8},"end":{"line":72,"column":37}},"type":"binary-expr","locations":[{"start":{"line":72,"column":8},"end":{"line":72,"column":16}},{"start":{"line":72,"column":20},"end":{"line":72,"column":37}}],"line":72},"10":{"loc":{"start":{"line":73,"column":6},"end":{"line":75,"column":7}},"type":"if","locations":[{"start":{"line":73,"column":6},"end":{"line":75,"column":7}},{"start":{},"end":{}}],"line":73},"11":{"loc":{"start":{"line":73,"column":10},"end":{"line":73,"column":87}},"type":"binary-expr","locations":[{"start":{"line":73,"column":10},"end":{"line":73,"column":39}},{"start":{"line":73,"column":43},"end":{"line":73,"column":87}}],"line":73},"12":{"loc":{"start":{"line":84,"column":2},"end":{"line":84,"column":86}},"type":"if","locations":[{"start":{"line":84,"column":2},"end":{"line":84,"column":86}},{"start":{},"end":{}}],"line":84},"13":{"loc":{"start":{"line":84,"column":6},"end":{"line":84,"column":33}},"type":"binary-expr","locations":[{"start":{"line":84,"column":6},"end":{"line":84,"column":16}},{"start":{"line":84,"column":20},"end":{"line":84,"column":33}}],"line":84}},"s":{"0":13,"1":2,"2":11,"3":11,"4":11,"5":143,"6":23,"7":23,"8":11,"9":11,"10":1,"11":10,"12":10,"13":10,"14":10,"15":10,"16":10,"17":10,"18":10,"19":10,"20":39,"21":39,"22":39,"23":0,"24":39,"25":6,"26":6,"27":0,"28":6,"29":1,"30":33,"31":38,"32":11,"33":1,"34":10,"35":37,"36":37,"37":37,"38":8,"39":0,"40":8,"41":1},"f":{"0":13,"1":11},"b":{"0":[2,11],"1":[13,13,13,12],"2":[1,10],"3":[11,11],"4":[0,39],"5":[6,33],"6":[0,6],"7":[1,5],"8":[11,27],"9":[38,28],"10":[1,10],"11":[11,11],"12":[0,8],"13":[8,8]},"_coverageSchema":"1a1c01bbd47fc00a2c39e90264f33305004495a9","hash":"03e9396d15ce0517ac5815d719d656b74d2ebe2c"}
,"C:\\Users\\Yayo\\repo romano 3\\numeros-romanos-IG4141\\api\\index.js": {"path":"C:\\Users\\Yayo\\repo romano 3\\numeros-romanos-IG4141\\api\\index.js","statementMap":{"0":{"start":{"line":1,"column":16},"end":{"line":1,"column":34}},"1":{"start":{"line":2,"column":13},"end":{"line":2,"column":28}},"2":{"start":{"line":3,"column":13},"end":{"line":3,"column":28}},"3":{"start":{"line":4,"column":30},"end":{"line":4,"column":52}},"4":{"start":{"line":6,"column":12},"end":{"line":6,"column":21}},"5":{"start":{"line":9,"column":0},"end":{"line":9,"column":16}},"6":{"start":{"line":10,"column":0},"end":{"line":10,"column":24}},"7":{"start":{"line":11,"column":0},"end":{"line":11,"column":59}},"8":{"start":{"line":14,"column":0},"end":{"line":40,"column":3}},"9":{"start":{"line":15,"column":20},"end":{"line":15,"column":28}},"10":{"start":{"line":17,"column":2},"end":{"line":19,"column":3}},"11":{"start":{"line":18,"column":4},"end":{"line":18,"column":74}},"12":{"start":{"line":24,"column":22},"end":{"line":24,"column":41}},"13":{"start":{"line":26,"column":2},"end":{"line":37,"column":3}},"14":{"start":{"line":28,"column":4},"end":{"line":28,"column":34}},"15":{"start":{"line":29,"column":4},"end":{"line":29,"column":30}},"16":{"start":{"line":30,"column":4},"end":{"line":30,"column":91}},"17":{"start":{"line":30,"column":17},"end":{"line":30,"column":91}},"18":{"start":{"line":33,"column":25},"end":{"line":33,"column":40}},"19":{"start":{"line":34,"column":4},"end":{"line":34,"column":103}},"20":{"start":{"line":34,"column":44},"end":{"line":34,"column":103}},"21":{"start":{"line":35,"column":4},"end":{"line":35,"column":26}},"22":{"start":{"line":36,"column":4},"end":{"line":36,"column":30}},"23":{"start":{"line":39,"column":2},"end":{"line":39,"column":63}},"24":{"start":{"line":43,"column":0},"end":{"line":50,"column":3}},"25":{"start":{"line":44,"column":14},"end":{"line":44,"column":44}},"26":{"start":{"line":45,"column":2},"end":{"line":45,"column":88}},"27":{"start":{"line":45,"column":18},"end":{"line":45,"column":88}},"28":{"start":{"line":47,"column":16},"end":{"line":47,"column":28}},"29":{"start":{"line":48,"column":2},"end":{"line":48,"column":88}},"30":{"start":{"line":48,"column":14},"end":{"line":48,"column":88}},"31":{"start":{"line":49,"column":2},"end":{"line":49,"column":22}},"32":{"start":{"line":53,"column":0},"end":{"line":60,"column":3}},"33":{"start":{"line":54,"column":16},"end":{"line":54,"column":31}},"34":{"start":{"line":55,"column":2},"end":{"line":55,"column":83}},"35":{"start":{"line":55,"column":14},"end":{"line":55,"column":83}},"36":{"start":{"line":57,"column":23},"end":{"line":57,"column":38}},"37":{"start":{"line":58,"column":2},"end":{"line":58,"column":101}},"38":{"start":{"line":58,"column":42},"end":{"line":58,"column":101}},"39":{"start":{"line":59,"column":2},"end":{"line":59,"column":37}},"40":{"start":{"line":63,"column":0},"end":{"line":63,"column":21}},"41":{"start":{"line":66,"column":0},"end":{"line":71,"column":1}},"42":{"start":{"line":67,"column":15},"end":{"line":67,"column":39}},"43":{"start":{"line":68,"column":2},"end":{"line":70,"column":5}},"44":{"start":{"line":69,"column":4},"end":{"line":69,"column":76}}},"fnMap":{"0":{"name":"(anonymous_0)","decl":{"start":{"line":14,"column":25},"end":{"line":14,"column":26}},"loc":{"start":{"line":14,"column":39},"end":{"line":40,"column":1}},"line":14},"1":{"name":"(anonymous_1)","decl":{"start":{"line":43,"column":16},"end":{"line":43,"column":17}},"loc":{"start":{"line":43,"column":30},"end":{"line":50,"column":1}},"line":43},"2":{"name":"(anonymous_2)","decl":{"start":{"line":53,"column":16},"end":{"line":53,"column":17}},"loc":{"start":{"line":53,"column":30},"end":{"line":60,"column":1}},"line":53},"3":{"name":"(anonymous_3)","decl":{"start":{"line":68,"column":19},"end":{"line":68,"column":20}},"loc":{"start":{"line":68,"column":25},"end":{"line":70,"column":3}},"line":68}},"branchMap":{"0":{"loc":{"start":{"line":17,"column":2},"end":{"line":19,"column":3}},"type":"if","locations":[{"start":{"line":17,"column":2},"end":{"line":19,"column":3}},{"start":{},"end":{}}],"line":17},"1":{"loc":{"start":{"line":17,"column":6},"end":{"line":17,"column":59}},"type":"binary-expr","locations":[{"start":{"line":17,"column":6},"end":{"line":17,"column":25}},{"start":{"line":17,"column":29},"end":{"line":17,"column":43}},{"start":{"line":17,"column":47},"end":{"line":17,"column":59}}],"line":17},"2":{"loc":{"start":{"line":26,"column":2},"end":{"line":37,"column":3}},"type":"if","locations":[{"start":{"line":26,"column":2},"end":{"line":37,"column":3}},{"start":{"line":31,"column":9},"end":{"line":37,"column":3}}],"line":26},"3":{"loc":{"start":{"line":26,"column":6},"end":{"line":26,"column":66}},"type":"binary-expr","locations":[{"start":{"line":26,"column":6},"end":{"line":26,"column":25}},{"start":{"line":26,"column":29},"end":{"line":26,"column":66}}],"line":26},"4":{"loc":{"start":{"line":30,"column":4},"end":{"line":30,"column":91}},"type":"if","locations":[{"start":{"line":30,"column":4},"end":{"line":30,"column":91}},{"start":{},"end":{}}],"line":30},"5":{"loc":{"start":{"line":34,"column":4},"end":{"line":34,"column":103}},"type":"if","locations":[{"start":{"line":34,"column":4},"end":{"line":34,"column":103}},{"start":{},"end":{}}],"line":34},"6":{"loc":{"start":{"line":34,"column":8},"end":{"line":34,"column":42}},"type":"binary-expr","locations":[{"start":{"line":34,"column":8},"end":{"line":34,"column":20}},{"start":{"line":34,"column":24},"end":{"line":34,"column":42}}],"line":34},"7":{"loc":{"start":{"line":45,"column":2},"end":{"line":45,"column":88}},"type":"if","locations":[{"start":{"line":45,"column":2},"end":{"line":45,"column":88}},{"start":{},"end":{}}],"line":45},"8":{"loc":{"start":{"line":48,"column":2},"end":{"line":48,"column":88}},"type":"if","locations":[{"start":{"line":48,"column":2},"end":{"line":48,"column":88}},{"start":{},"end":{}}],"line":48},"9":{"loc":{"start":{"line":55,"column":2},"end":{"line":55,"column":83}},"type":"if","locations":[{"start":{"line":55,"column":2},"end":{"line":55,"column":83}},{"start":{},"end":{}}],"line":55},"10":{"loc":{"start":{"line":58,"column":2},"end":{"line":58,"column":101}},"type":"if","locations":[{"start":{"line":58,"column":2},"end":{"line":58,"column":101}},{"start":{},"end":{}}],"line":58},"11":{"loc":{"start":{"line":58,"column":6},"end":{"line":58,"column":40}},"type":"binary-expr","locations":[{"start":{"line":58,"column":6},"end":{"line":58,"column":18}},{"start":{"line":58,"column":22},"end":{"line":58,"column":40}}],"line":58},"12":{"loc":{"start":{"line":66,"column":0},"end":{"line":71,"column":1}},"type":"if","locations":[{"start":{"line":66,"column":0},"end":{"line":71,"column":1}},{"start":{},"end":{}}],"line":66},"13":{"loc":{"start":{"line":67,"column":15},"end":{"line":67,"column":39}},"type":"binary-expr","locations":[{"start":{"line":67,"column":15},"end":{"line":67,"column":31}},{"start":{"line":67,"column":35},"end":{"line":67,"column":39}}],"line":67}},"s":{"0":1,"1":1,"2":1,"3":1,"4":1,"5":1,"6":1,"7":1,"8":1,"9":3,"10":3,"11":1,"12":2,"13":2,"14":1,"15":1,"16":1,"17":0,"18":1,"19":1,"20":0,"21":1,"22":1,"23":2,"24":1,"25":2,"26":2,"27":1,"28":1,"29":1,"30":0,"31":1,"32":1,"33":2,"34":2,"35":1,"36":1,"37":1,"38":0,"39":1,"40":1,"41":1,"42":0,"43":0,"44":0},"f":{"0":3,"1":2,"2":2,"3":0},"b":{"0":[1,2],"1":[3,3,3],"2":[1,1],"3":[2,1],"4":[0,1],"5":[0,1],"6":[1,1],"7":[1,1],"8":[0,1],"9":[1,1],"10":[0,1],"11":[1,1],"12":[0,1],"13":[0,0]},"_coverageSchema":"1a1c01bbd47fc00a2c39e90264f33305004495a9","hash":"a39a71df6685cc075148255630564b26d95cf6e7"}
}
