TN:
SF:api\converter.js
FN:1,toRoman
FN:28,toArabic
FNF:2
FNH:2
FNDA:17,toRoman
FNDA:17,toArabic
DA:2,17
DA:3,14
DA:18,14
DA:19,14
DA:20,182
DA:21,31
DA:22,31
DA:25,14
DA:29,17
DA:30,16
DA:31,16
DA:32,16
DA:33,16
DA:34,16
DA:35,16
DA:37,16
DA:38,56
DA:39,56
DA:41,54
DA:42,8
DA:43,8
DA:45,1
DA:48,46
DA:49,46
DA:52,53
DA:53,17
DA:56,4
DA:58,13
DA:60,36
DA:62,49
DA:64,9
DA:67,1
LF:32
LH:32
BRDA:2,0,0,3
BRDA:2,0,1,14
BRDA:2,1,0,17
BRDA:2,1,1,15
BRDA:29,2,0,1
BRDA:29,2,1,16
BRDA:29,3,0,17
BRDA:29,3,1,17
BRDA:39,4,0,2
BRDA:39,4,1,54
BRDA:41,5,0,8
BRDA:41,5,1,46
BRDA:43,6,0,1
BRDA:43,6,1,7
BRDA:43,7,0,8
BRDA:43,7,1,0
BRDA:43,7,2,8
BRDA:43,7,3,8
BRDA:52,8,0,17
BRDA:52,8,1,36
BRDA:53,9,0,4
BRDA:53,9,1,13
BRDA:53,10,0,17
BRDA:53,10,1,7
BRDA:53,10,2,4
BRDA:53,10,3,13
BRDA:53,10,4,5
BRDA:53,10,5,4
BRDA:53,10,6,8
BRDA:53,10,7,4
BRDA:53,10,8,4
BRF:31
BRH:30
end_of_record
TN:
SF:api\index.js
FN:12,(anonymous_0)
FN:33,(anonymous_1)
FN:41,(anonymous_2)
FN:50,(anonymous_3)
FN:55,(anonymous_4)
FN:60,(anonymous_5)
FN:66,(anonymous_6)
FN:73,(anonymous_7)
FNF:8
FNH:5
FNDA:2,(anonymous_0)
FNDA:1,(anonymous_1)
FNDA:1,(anonymous_2)
FNDA:0,(anonymous_3)
FNDA:1,(anonymous_4)
FNDA:1,(anonymous_5)
FNDA:0,(anonymous_6)
FNDA:0,(anonymous_7)
DA:1,1
DA:2,1
DA:3,1
DA:4,1
DA:6,1
DA:7,1
DA:8,1
DA:9,1
DA:12,1
DA:13,2
DA:14,2
DA:17,2
DA:19,2
DA:20,1
DA:21,1
DA:22,1
DA:24,1
DA:25,1
DA:26,1
DA:27,1
DA:30,2
DA:33,1
DA:34,1
DA:35,1
DA:36,1
DA:37,1
DA:38,1
DA:41,1
DA:42,1
DA:43,1
DA:44,1
DA:45,1
DA:46,1
DA:50,1
DA:51,0
DA:52,0
DA:55,1
DA:56,1
DA:57,1
DA:60,1
DA:61,1
DA:62,1
DA:66,1
DA:67,0
DA:71,1
DA:72,1
DA:73,0
DA:76,1
LF:48
LH:44
BRDA:14,0,0,0
BRDA:14,0,1,2
BRDA:19,1,0,1
BRDA:19,1,1,1
BRDA:19,2,0,2
BRDA:19,2,1,1
BRDA:22,3,0,0
BRDA:22,3,1,1
BRDA:25,4,0,0
BRDA:25,4,1,1
BRDA:25,5,0,1
BRDA:25,5,1,1
BRDA:35,6,0,0
BRDA:35,6,1,1
BRDA:37,7,0,0
BRDA:37,7,1,1
BRDA:43,8,0,0
BRDA:43,8,1,1
BRDA:45,9,0,0
BRDA:45,9,1,1
BRDA:45,10,0,1
BRDA:45,10,1,1
BRDA:71,11,0,1
BRDA:71,11,1,1
BRDA:72,12,0,0
BRDA:72,12,1,1
BRF:26
BRH:18
end_of_record
