TN:
SF:api\converter.js
FN:1,toRoman
FN:28,toArabic
FNF:2
FNH:2
FNDA:20,toRoman
FNDA:19,toArabic
DA:2,20
DA:3,14
DA:18,14
DA:19,14
DA:20,182
DA:21,31
DA:22,31
DA:25,14
DA:29,19
DA:30,18
DA:31,18
DA:32,18
DA:33,18
DA:34,18
DA:35,18
DA:37,18
DA:38,62
DA:39,62
DA:41,60
DA:42,11
DA:43,11
DA:45,2
DA:48,49
DA:49,49
DA:52,58
DA:53,18
DA:56,5
DA:58,13
DA:60,40
DA:62,53
DA:64,9
DA:67,1
LF:32
LH:32
BRDA:2,0,0,6
BRDA:2,0,1,14
BRDA:2,1,0,20
BRDA:2,1,1,17
BRDA:29,2,0,1
BRDA:29,2,1,18
BRDA:29,3,0,19
BRDA:29,3,1,19
BRDA:39,4,0,2
BRDA:39,4,1,60
BRDA:41,5,0,11
BRDA:41,5,1,49
BRDA:43,6,0,2
BRDA:43,6,1,9
BRDA:43,7,0,11
BRDA:43,7,1,0
BRDA:43,7,2,11
BRDA:43,7,3,11
BRDA:52,8,0,18
BRDA:52,8,1,40
BRDA:53,9,0,5
BRDA:53,9,1,13
BRDA:53,10,0,18
BRDA:53,10,1,8
BRDA:53,10,2,5
BRDA:53,10,3,14
BRDA:53,10,4,5
BRDA:53,10,5,4
BRDA:53,10,6,9
BRDA:53,10,7,4
BRDA:53,10,8,4
BRF:31
BRH:30
end_of_record
TN:
SF:api\index.js
FN:11,(anonymous_0)
FN:29,(anonymous_1)
FN:37,(anonymous_2)
FN:45,(anonymous_3)
FN:51,(anonymous_4)
FNF:5
FNH:3
FNDA:6,(anonymous_0)
FNDA:3,(anonymous_1)
FNDA:3,(anonymous_2)
FNDA:0,(anonymous_3)
FNDA:0,(anonymous_4)
DA:1,1
DA:2,1
DA:3,1
DA:4,1
DA:6,1
DA:7,1
DA:8,1
DA:9,1
DA:11,1
DA:12,6
DA:13,6
DA:15,5
DA:16,5
DA:17,3
DA:18,3
DA:19,3
DA:21,2
DA:22,2
DA:23,1
DA:24,1
DA:26,2
DA:29,1
DA:30,3
DA:31,3
DA:32,2
DA:33,2
DA:34,1
DA:37,1
DA:38,3
DA:39,3
DA:40,2
DA:41,2
DA:42,1
DA:45,1
DA:46,0
DA:49,1
DA:50,1
DA:51,0
DA:54,1
LF:39
LH:37
BRDA:13,0,0,1
BRDA:13,0,1,5
BRDA:16,1,0,3
BRDA:16,1,1,2
BRDA:16,2,0,5
BRDA:16,2,1,3
BRDA:19,3,0,2
BRDA:19,3,1,1
BRDA:22,4,0,1
BRDA:22,4,1,1
BRDA:22,5,0,2
BRDA:22,5,1,2
BRDA:31,6,0,1
BRDA:31,6,1,2
BRDA:33,7,0,1
BRDA:33,7,1,1
BRDA:39,8,0,1
BRDA:39,8,1,2
BRDA:41,9,0,1
BRDA:41,9,1,1
BRDA:41,10,0,2
BRDA:41,10,1,2
BRDA:49,11,0,1
BRDA:49,11,1,1
BRDA:50,12,0,0
BRDA:50,12,1,1
BRF:26
BRH:25
end_of_record
